
> charge-logger@0.0.0 start
> ng serve

Component HMR has been enabled, see https://angular.dev/hmr for more info.
❯ Building...
✔ Building...
Initial chunk files | Names         |  Raw size
polyfills.js        | polyfills     |  89.77 kB |
main.js             | main          |  52.35 kB |
styles.css          | styles        |  96 bytes |

                    | Initial total | 142.22 kB

Application bundle generation complete. [2.498 seconds]

Watch mode enabled. Watching for file changes...
NOTE: Raw file sizes do not reflect development server per-request transformations.
  ➜  Local:   http://localhost:4200/
❯ Changes detected. Rebuilding...
✔ Changes detected. Rebuilding...
Initial chunk files | Names | Raw size
main.js             | main  | 52.57 kB |

Application bundle generation complete. [2.905 seconds]

Page reload sent to client(s).
❯ Changes detected. Rebuilding...
✔ Changes detected. Rebuilding...
Initial chunk files | Names | Raw size
main.js             | main  | 52.59 kB |

Application bundle generation complete. [0.518 seconds]

Component update sent to client(s).
❯ Changes detected. Rebuilding...
✔ Changes detected. Rebuilding...
Initial chunk files | Names | Raw size
main.js             | main  | 52.59 kB |

Application bundle generation complete. [0.696 seconds]

Component update sent to client(s).
